-------------------------------------------------------------------------------
Test set: es.uma.informatica.sii.pr2025rest.EquipoTests$ConEquipos
-------------------------------------------------------------------------------
Tests run: 4, Failures: 0, Errors: 0, Skipped: 0, Time elapsed: 14.346 s - in es.uma.informatica.sii.pr2025rest.EquipoTests$ConEquipos
es.uma.informatica.sii.pr2025rest.EquipoTests$ConEquipos.actualizarEquipoExiste  Time elapsed: 3.087 s
es.uma.informatica.sii.pr2025rest.EquipoTests$ConEquipos.eliminarEquipo  Time elapsed: 2.065 s
es.uma.informatica.sii.pr2025rest.EquipoTests$ConEquipos.obtenerPorIdExiste  Time elapsed: 2.048 s
es.uma.informatica.sii.pr2025rest.EquipoTests$ConEquipos.obtenerTodos  Time elapsed: 2.056 s
