<?xml version="1.0" encoding="UTF-8"?>
<testsuite xmlns:xsi="http://www.w3.org/2001/XMLSchema-instance" xsi:noNamespaceSchemaLocation="https://maven.apache.org/surefire/maven-surefire-plugin/xsd/surefire-test-report-3.0.xsd" version="3.0" name="es.uma.informatica.sii.pr2025rest.EquipoTests$ConEquipos" time="14.346" tests="4" errors="0" skipped="0" failures="0">
  <properties>
[...]
</properties>
  <testcase name="actualizarEquipoExiste" classname="es.uma.informatica.sii.pr2025rest.EquipoTests$ConEquipos" time="3.087">
    <system-out><![CDATA[23:40:43.271 [main] INFO org.springframework.test.context.support.AnnotationConfigContextLoaderUtils -- Could not detect default configuration classes for test class [es.uma.informatica.sii.pr2025rest.EquipoTests]: EquipoTests does not declare any static, non-private, non-final, nested classes annotated with @Configuration.
23:40:43.383 [main] INFO org.springframework.boot.test.context.SpringBootTestContextBootstrapper -- Found @SpringBootConfiguration es.uma.informatica.sii.pr2025rest.ExpedicionesApplication for test class es.uma.informatica.sii.pr2025rest.EquipoTests
23:40:43.478 [main] INFO org.springframework.test.context.support.AnnotationConfigContextLoaderUtils -- Could not detect default configuration classes for test class [es.uma.informatica.sii.pr2025rest.EquipoTests$ConEquipos]: ConEquipos does not declare any static, non-private, non-final, nested classes annotated with @Configuration.
23:40:43.481 [main] INFO org.springframework.boot.test.context.SpringBootTestContextBootstrapper -- Found @SpringBootConfiguration es.uma.informatica.sii.pr2025rest.ExpedicionesApplication for test class es.uma.informatica.sii.pr2025rest.EquipoTests$ConEquipos

  .   ____          _            __ _ _
 /\\ / ___'_ __ _ _(_)_ __  __ _ \ \ \ \
( ( )\___ | '_ | '_| | '_ \/ _` | \ \ \ \
 \\/  ___)| |_)| | | | | || (_| |  ) ) ) )
  '  |____| .__|_| |_|_| |_\__, | / / / /
 =========|_|==============|___/=/_/_/_/

 :: Spring Boot ::                (v3.4.4)

2025-04-03T23:40:43.800+02:00  INFO 32544 --- [Expediciones] [           main] e.u.i.sii.pr2025rest.EquipoTests         : Starting EquipoTests using Java 23.0.2 with PID 32544 (started by javier in /Users/javier/Documents/InternetInfoSystems/practicas/REST/alumnos)
2025-04-03T23:40:43.802+02:00  INFO 32544 --- [Expediciones] [           main] e.u.i.sii.pr2025rest.EquipoTests         : No active profile set, falling back to 1 default profile: "default"
2025-04-03T23:40:44.341+02:00  INFO 32544 --- [Expediciones] [           main] .s.d.r.c.RepositoryConfigurationDelegate : Bootstrapping Spring Data JPA repositories in DEFAULT mode.
2025-04-03T23:40:44.405+02:00  INFO 32544 --- [Expediciones] [           main] .s.d.r.c.RepositoryConfigurationDelegate : Finished Spring Data repository scanning in 54 ms. Found 2 JPA repository interfaces.
2025-04-03T23:40:44.844+02:00  INFO 32544 --- [Expediciones] [           main] o.s.b.w.embedded.tomcat.TomcatWebServer  : Tomcat initialized with port 0 (http)
2025-04-03T23:40:44.861+02:00  INFO 32544 --- [Expediciones] [           main] o.apache.catalina.core.StandardService   : Starting service [Tomcat]
2025-04-03T23:40:44.862+02:00  INFO 32544 --- [Expediciones] [           main] o.apache.catalina.core.StandardEngine    : Starting Servlet engine: [Apache Tomcat/10.1.39]
2025-04-03T23:40:44.908+02:00  INFO 32544 --- [Expediciones] [           main] o.a.c.c.C.[Tomcat].[localhost].[/]       : Initializing Spring embedded WebApplicationContext
2025-04-03T23:40:44.910+02:00  INFO 32544 --- [Expediciones] [           main] w.s.c.ServletWebServerApplicationContext : Root WebApplicationContext: initialization completed in 1092 ms
2025-04-03T23:40:45.043+02:00  INFO 32544 --- [Expediciones] [           main] com.zaxxer.hikari.HikariDataSource       : HikariPool-1 - Starting...
2025-04-03T23:40:45.235+02:00  INFO 32544 --- [Expediciones] [           main] com.zaxxer.hikari.pool.HikariPool        : HikariPool-1 - Added connection conn0: url=jdbc:h2:mem:6fbf622e-962b-4afe-a047-0d318d391632 user=SA
2025-04-03T23:40:45.237+02:00  INFO 32544 --- [Expediciones] [           main] com.zaxxer.hikari.HikariDataSource       : HikariPool-1 - Start completed.
2025-04-03T23:40:45.279+02:00  INFO 32544 --- [Expediciones] [           main] o.hibernate.jpa.internal.util.LogHelper  : HHH000204: Processing PersistenceUnitInfo [name: default]
2025-04-03T23:40:45.315+02:00  INFO 32544 --- [Expediciones] [           main] org.hibernate.Version                    : HHH000412: Hibernate ORM core version 6.6.11.Final
2025-04-03T23:40:45.343+02:00  INFO 32544 --- [Expediciones] [           main] o.h.c.internal.RegionFactoryInitiator    : HHH000026: Second-level cache disabled
2025-04-03T23:40:45.590+02:00  INFO 32544 --- [Expediciones] [           main] o.s.o.j.p.SpringPersistenceUnitInfo      : No LoadTimeWeaver setup: ignoring JPA class transformer
2025-04-03T23:40:45.656+02:00  INFO 32544 --- [Expediciones] [           main] org.hibernate.orm.connections.pooling    : HHH10001005: Database info:
	Database JDBC URL [Connecting through datasource 'HikariDataSource (HikariPool-1)']
	Database driver: undefined/unknown
	Database version: 2.3.232
	Autocommit mode: undefined/unknown
	Isolation level: undefined/unknown
	Minimum pool size: undefined/unknown
	Maximum pool size: undefined/unknown
2025-04-03T23:40:46.456+02:00  INFO 32544 --- [Expediciones] [           main] o.h.e.t.j.p.i.JtaPlatformInitiator       : HHH000489: No JTA platform available (set 'hibernate.transaction.jta.platform' to enable JTA platform integration)
2025-04-03T23:40:46.500+02:00  INFO 32544 --- [Expediciones] [           main] j.LocalContainerEntityManagerFactoryBean : Initialized JPA EntityManagerFactory for persistence unit 'default'
2025-04-03T23:40:46.723+02:00  WARN 32544 --- [Expediciones] [           main] JpaBaseConfiguration$JpaWebConfiguration : spring.jpa.open-in-view is enabled by default. Therefore, database queries may be performed during view rendering. Explicitly configure spring.jpa.open-in-view to disable this warning
2025-04-03T23:40:47.290+02:00  INFO 32544 --- [Expediciones] [           main] o.s.b.w.embedded.tomcat.TomcatWebServer  : Tomcat started on port 55046 (http) with context path '/'
2025-04-03T23:40:47.298+02:00  INFO 32544 --- [Expediciones] [           main] e.u.i.sii.pr2025rest.EquipoTests         : Started EquipoTests in 3.785 seconds (process running for 4.772)
2025-04-03T23:40:48.174+02:00  INFO 32544 --- [Expediciones] [o-auto-1-exec-1] o.a.c.c.C.[Tomcat].[localhost].[/]       : Initializing Spring DispatcherServlet 'dispatcherServlet'
2025-04-03T23:40:48.175+02:00  INFO 32544 --- [Expediciones] [o-auto-1-exec-1] o.s.web.servlet.DispatcherServlet        : Initializing Servlet 'dispatcherServlet'
2025-04-03T23:40:48.176+02:00  INFO 32544 --- [Expediciones] [o-auto-1-exec-1] o.s.web.servlet.DispatcherServlet        : Completed initialization in 1 ms
2025-04-03T23:40:48.347+02:00  INFO 32544 --- [Expediciones] [           main] o.s.b.w.e.tomcat.GracefulShutdown        : Commencing graceful shutdown. Waiting for active requests to complete
2025-04-03T23:40:50.365+02:00  INFO 32544 --- [Expediciones] [tomcat-shutdown] o.s.b.w.e.tomcat.GracefulShutdown        : Graceful shutdown complete
2025-04-03T23:40:50.365+02:00 ERROR 32544 --- [Expediciones] [auto-1-Acceptor] org.apache.tomcat.util.net.Acceptor      : Socket accept failed

java.nio.channels.AsynchronousCloseException: null
	at java.base/java.nio.channels.spi.AbstractInterruptibleChannel.end(AbstractInterruptibleChannel.java:218) ~[na:na]
	at java.base/sun.nio.ch.ServerSocketChannelImpl.end(ServerSocketChannelImpl.java:383) ~[na:na]
	at java.base/sun.nio.ch.ServerSocketChannelImpl.accept(ServerSocketChannelImpl.java:408) ~[na:na]
	at org.apache.tomcat.util.net.NioEndpoint.serverSocketAccept(NioEndpoint.java:518) ~[tomcat-embed-core-10.1.39.jar:10.1.39]
	at org.apache.tomcat.util.net.NioEndpoint.serverSocketAccept(NioEndpoint.java:71) ~[tomcat-embed-core-10.1.39.jar:10.1.39]
	at org.apache.tomcat.util.net.Acceptor.run(Acceptor.java:128) ~[tomcat-embed-core-10.1.39.jar:10.1.39]
	at java.base/java.lang.Thread.run(Thread.java:1575) ~[na:na]

2025-04-03T23:40:50.371+02:00  INFO 32544 --- [Expediciones] [           main] j.LocalContainerEntityManagerFactoryBean : Closing JPA EntityManagerFactory for persistence unit 'default'
2025-04-03T23:40:50.375+02:00  INFO 32544 --- [Expediciones] [           main] com.zaxxer.hikari.HikariDataSource       : HikariPool-1 - Shutdown initiated...
2025-04-03T23:40:50.377+02:00  INFO 32544 --- [Expediciones] [           main] com.zaxxer.hikari.HikariDataSource       : HikariPool-1 - Shutdown completed.
]]></system-out>
    <system-err><![CDATA[Mockito is currently self-attaching to enable the inline-mock-maker. This will no longer work in future releases of the JDK. Please add Mockito as an agent to your build what is described in Mockito's documentation: https://javadoc.io/doc/org.mockito/mockito-core/latest/org/mockito/Mockito.html#0.3
WARNING: A Java agent has been loaded dynamically (/Users/javier/.m2/repository/net/bytebuddy/byte-buddy-agent/1.15.11/byte-buddy-agent-1.15.11.jar)
WARNING: If a serviceability tool is in use, please run with -XX:+EnableDynamicAgentLoading to hide this warning
WARNING: If a serviceability tool is not in use, please run with -Djdk.instrument.traceUsage for more information
WARNING: Dynamic loading of agents will be disallowed by default in a future release
]]></system-err>
  </testcase>
  <testcase name="eliminarEquipo" classname="es.uma.informatica.sii.pr2025rest.EquipoTests$ConEquipos" time="2.065">
    <system-out><![CDATA[
  .   ____          _            __ _ _
 /\\ / ___'_ __ _ _(_)_ __  __ _ \ \ \ \
( ( )\___ | '_ | '_| | '_ \/ _` | \ \ \ \
 \\/  ___)| |_)| | | | | || (_| |  ) ) ) )
  '  |____| .__|_| |_|_| |_\__, | / / / /
 =========|_|==============|___/=/_/_/_/

 :: Spring Boot ::                (v3.4.4)

2025-04-03T23:40:50.441+02:00  INFO 32544 --- [Expediciones] [           main] e.u.i.sii.pr2025rest.EquipoTests         : Starting EquipoTests using Java 23.0.2 with PID 32544 (started by javier in /Users/javier/Documents/InternetInfoSystems/practicas/REST/alumnos)
2025-04-03T23:40:50.442+02:00  INFO 32544 --- [Expediciones] [           main] e.u.i.sii.pr2025rest.EquipoTests         : No active profile set, falling back to 1 default profile: "default"
2025-04-03T23:40:50.541+02:00  INFO 32544 --- [Expediciones] [           main] .s.d.r.c.RepositoryConfigurationDelegate : Bootstrapping Spring Data JPA repositories in DEFAULT mode.
2025-04-03T23:40:50.549+02:00  INFO 32544 --- [Expediciones] [           main] .s.d.r.c.RepositoryConfigurationDelegate : Finished Spring Data repository scanning in 6 ms. Found 2 JPA repository interfaces.
2025-04-03T23:40:50.607+02:00  INFO 32544 --- [Expediciones] [           main] o.s.b.w.embedded.tomcat.TomcatWebServer  : Tomcat initialized with port 0 (http)
2025-04-03T23:40:50.608+02:00  INFO 32544 --- [Expediciones] [           main] o.apache.catalina.core.StandardService   : Starting service [Tomcat]
2025-04-03T23:40:50.608+02:00  INFO 32544 --- [Expediciones] [           main] o.apache.catalina.core.StandardEngine    : Starting Servlet engine: [Apache Tomcat/10.1.39]
2025-04-03T23:40:50.619+02:00  INFO 32544 --- [Expediciones] [           main] o.a.c.c.C.[Tomcat].[localhost].[/]       : Initializing Spring embedded WebApplicationContext
2025-04-03T23:40:50.619+02:00  INFO 32544 --- [Expediciones] [           main] w.s.c.ServletWebServerApplicationContext : Root WebApplicationContext: initialization completed in 176 ms
2025-04-03T23:40:50.644+02:00  INFO 32544 --- [Expediciones] [           main] com.zaxxer.hikari.HikariDataSource       : HikariPool-2 - Starting...
2025-04-03T23:40:50.646+02:00  INFO 32544 --- [Expediciones] [           main] com.zaxxer.hikari.pool.HikariPool        : HikariPool-2 - Added connection conn10: url=jdbc:h2:mem:a7d4a3d3-a4f3-4a71-9c77-fa6adcfdcdee user=SA
2025-04-03T23:40:50.647+02:00  INFO 32544 --- [Expediciones] [           main] com.zaxxer.hikari.HikariDataSource       : HikariPool-2 - Start completed.
2025-04-03T23:40:50.647+02:00  INFO 32544 --- [Expediciones] [           main] o.hibernate.jpa.internal.util.LogHelper  : HHH000204: Processing PersistenceUnitInfo [name: default]
2025-04-03T23:40:50.649+02:00  INFO 32544 --- [Expediciones] [           main] o.h.c.internal.RegionFactoryInitiator    : HHH000026: Second-level cache disabled
2025-04-03T23:40:50.656+02:00  INFO 32544 --- [Expediciones] [           main] o.s.o.j.p.SpringPersistenceUnitInfo      : No LoadTimeWeaver setup: ignoring JPA class transformer
2025-04-03T23:40:50.657+02:00  INFO 32544 --- [Expediciones] [           main] org.hibernate.orm.connections.pooling    : HHH10001005: Database info:
	Database JDBC URL [Connecting through datasource 'HikariDataSource (HikariPool-2)']
	Database driver: undefined/unknown
	Database version: 2.3.232
	Autocommit mode: undefined/unknown
	Isolation level: undefined/unknown
	Minimum pool size: undefined/unknown
	Maximum pool size: undefined/unknown
2025-04-03T23:40:50.699+02:00  INFO 32544 --- [Expediciones] [           main] o.h.e.t.j.p.i.JtaPlatformInitiator       : HHH000489: No JTA platform available (set 'hibernate.transaction.jta.platform' to enable JTA platform integration)
2025-04-03T23:40:50.703+02:00  INFO 32544 --- [Expediciones] [           main] j.LocalContainerEntityManagerFactoryBean : Initialized JPA EntityManagerFactory for persistence unit 'default'
2025-04-03T23:40:50.741+02:00  WARN 32544 --- [Expediciones] [           main] JpaBaseConfiguration$JpaWebConfiguration : spring.jpa.open-in-view is enabled by default. Therefore, database queries may be performed during view rendering. Explicitly configure spring.jpa.open-in-view to disable this warning
2025-04-03T23:40:50.824+02:00  INFO 32544 --- [Expediciones] [           main] o.s.b.w.embedded.tomcat.TomcatWebServer  : Tomcat started on port 55057 (http) with context path '/'
2025-04-03T23:40:50.827+02:00  INFO 32544 --- [Expediciones] [           main] e.u.i.sii.pr2025rest.EquipoTests         : Started EquipoTests in 0.433 seconds (process running for 8.301)
2025-04-03T23:40:50.847+02:00  INFO 32544 --- [Expediciones] [o-auto-2-exec-1] o.a.c.c.C.[Tomcat].[localhost].[/]       : Initializing Spring DispatcherServlet 'dispatcherServlet'
2025-04-03T23:40:50.848+02:00  INFO 32544 --- [Expediciones] [o-auto-2-exec-1] o.s.web.servlet.DispatcherServlet        : Initializing Servlet 'dispatcherServlet'
2025-04-03T23:40:50.849+02:00  INFO 32544 --- [Expediciones] [o-auto-2-exec-1] o.s.web.servlet.DispatcherServlet        : Completed initialization in 1 ms
2025-04-03T23:40:50.875+02:00  INFO 32544 --- [Expediciones] [           main] o.s.b.w.e.tomcat.GracefulShutdown        : Commencing graceful shutdown. Waiting for active requests to complete
2025-04-03T23:40:52.885+02:00  INFO 32544 --- [Expediciones] [tomcat-shutdown] o.s.b.w.e.tomcat.GracefulShutdown        : Graceful shutdown complete
2025-04-03T23:40:52.885+02:00 ERROR 32544 --- [Expediciones] [auto-2-Acceptor] org.apache.tomcat.util.net.Acceptor      : Socket accept failed

java.nio.channels.AsynchronousCloseException: null
	at java.base/java.nio.channels.spi.AbstractInterruptibleChannel.end(AbstractInterruptibleChannel.java:218) ~[na:na]
	at java.base/sun.nio.ch.ServerSocketChannelImpl.end(ServerSocketChannelImpl.java:383) ~[na:na]
	at java.base/sun.nio.ch.ServerSocketChannelImpl.accept(ServerSocketChannelImpl.java:408) ~[na:na]
	at org.apache.tomcat.util.net.NioEndpoint.serverSocketAccept(NioEndpoint.java:518) ~[tomcat-embed-core-10.1.39.jar:10.1.39]
	at org.apache.tomcat.util.net.NioEndpoint.serverSocketAccept(NioEndpoint.java:71) ~[tomcat-embed-core-10.1.39.jar:10.1.39]
	at org.apache.tomcat.util.net.Acceptor.run(Acceptor.java:128) ~[tomcat-embed-core-10.1.39.jar:10.1.39]
	at java.base/java.lang.Thread.run(Thread.java:1575) ~[na:na]

2025-04-03T23:40:52.888+02:00  INFO 32544 --- [Expediciones] [           main] j.LocalContainerEntityManagerFactoryBean : Closing JPA EntityManagerFactory for persistence unit 'default'
2025-04-03T23:40:52.891+02:00  INFO 32544 --- [Expediciones] [           main] com.zaxxer.hikari.HikariDataSource       : HikariPool-2 - Shutdown initiated...
2025-04-03T23:40:52.892+02:00  INFO 32544 --- [Expediciones] [           main] com.zaxxer.hikari.HikariDataSource       : HikariPool-2 - Shutdown completed.
]]></system-out>
  </testcase>
  <testcase name="obtenerPorIdExiste" classname="es.uma.informatica.sii.pr2025rest.EquipoTests$ConEquipos" time="2.048">
    <system-out><![CDATA[
  .   ____          _            __ _ _
 /\\ / ___'_ __ _ _(_)_ __  __ _ \ \ \ \
( ( )\___ | '_ | '_| | '_ \/ _` | \ \ \ \
 \\/  ___)| |_)| | | | | || (_| |  ) ) ) )
  '  |____| .__|_| |_|_| |_\__, | / / / /
 =========|_|==============|___/=/_/_/_/

 :: Spring Boot ::                (v3.4.4)

2025-04-03T23:40:52.933+02:00  INFO 32544 --- [Expediciones] [           main] e.u.i.sii.pr2025rest.EquipoTests         : Starting EquipoTests using Java 23.0.2 with PID 32544 (started by javier in /Users/javier/Documents/InternetInfoSystems/practicas/REST/alumnos)
2025-04-03T23:40:52.933+02:00  INFO 32544 --- [Expediciones] [           main] e.u.i.sii.pr2025rest.EquipoTests         : No active profile set, falling back to 1 default profile: "default"
2025-04-03T23:40:53.035+02:00  INFO 32544 --- [Expediciones] [           main] .s.d.r.c.RepositoryConfigurationDelegate : Bootstrapping Spring Data JPA repositories in DEFAULT mode.
2025-04-03T23:40:53.042+02:00  INFO 32544 --- [Expediciones] [           main] .s.d.r.c.RepositoryConfigurationDelegate : Finished Spring Data repository scanning in 6 ms. Found 2 JPA repository interfaces.
2025-04-03T23:40:53.092+02:00  INFO 32544 --- [Expediciones] [           main] o.s.b.w.embedded.tomcat.TomcatWebServer  : Tomcat initialized with port 0 (http)
2025-04-03T23:40:53.093+02:00  INFO 32544 --- [Expediciones] [           main] o.apache.catalina.core.StandardService   : Starting service [Tomcat]
2025-04-03T23:40:53.093+02:00  INFO 32544 --- [Expediciones] [           main] o.apache.catalina.core.StandardEngine    : Starting Servlet engine: [Apache Tomcat/10.1.39]
2025-04-03T23:40:53.104+02:00  INFO 32544 --- [Expediciones] [           main] o.a.c.c.C.[Tomcat].[localhost].[/]       : Initializing Spring embedded WebApplicationContext
2025-04-03T23:40:53.104+02:00  INFO 32544 --- [Expediciones] [           main] w.s.c.ServletWebServerApplicationContext : Root WebApplicationContext: initialization completed in 168 ms
2025-04-03T23:40:53.130+02:00  INFO 32544 --- [Expediciones] [           main] com.zaxxer.hikari.HikariDataSource       : HikariPool-3 - Starting...
2025-04-03T23:40:53.132+02:00  INFO 32544 --- [Expediciones] [           main] com.zaxxer.hikari.pool.HikariPool        : HikariPool-3 - Added connection conn20: url=jdbc:h2:mem:e8310721-c7fb-4ae3-b284-cfc52eb7b32b user=SA
2025-04-03T23:40:53.133+02:00  INFO 32544 --- [Expediciones] [           main] com.zaxxer.hikari.HikariDataSource       : HikariPool-3 - Start completed.
2025-04-03T23:40:53.134+02:00  INFO 32544 --- [Expediciones] [           main] o.hibernate.jpa.internal.util.LogHelper  : HHH000204: Processing PersistenceUnitInfo [name: default]
2025-04-03T23:40:53.135+02:00  INFO 32544 --- [Expediciones] [           main] o.h.c.internal.RegionFactoryInitiator    : HHH000026: Second-level cache disabled
2025-04-03T23:40:53.148+02:00  INFO 32544 --- [Expediciones] [           main] o.s.o.j.p.SpringPersistenceUnitInfo      : No LoadTimeWeaver setup: ignoring JPA class transformer
2025-04-03T23:40:53.149+02:00  INFO 32544 --- [Expediciones] [           main] org.hibernate.orm.connections.pooling    : HHH10001005: Database info:
	Database JDBC URL [Connecting through datasource 'HikariDataSource (HikariPool-3)']
	Database driver: undefined/unknown
	Database version: 2.3.232
	Autocommit mode: undefined/unknown
	Isolation level: undefined/unknown
	Minimum pool size: undefined/unknown
	Maximum pool size: undefined/unknown
2025-04-03T23:40:53.193+02:00  INFO 32544 --- [Expediciones] [           main] o.h.e.t.j.p.i.JtaPlatformInitiator       : HHH000489: No JTA platform available (set 'hibernate.transaction.jta.platform' to enable JTA platform integration)
2025-04-03T23:40:53.198+02:00  INFO 32544 --- [Expediciones] [           main] j.LocalContainerEntityManagerFactoryBean : Initialized JPA EntityManagerFactory for persistence unit 'default'
2025-04-03T23:40:53.228+02:00  WARN 32544 --- [Expediciones] [           main] JpaBaseConfiguration$JpaWebConfiguration : spring.jpa.open-in-view is enabled by default. Therefore, database queries may be performed during view rendering. Explicitly configure spring.jpa.open-in-view to disable this warning
2025-04-03T23:40:53.313+02:00  INFO 32544 --- [Expediciones] [           main] o.s.b.w.embedded.tomcat.TomcatWebServer  : Tomcat started on port 55061 (http) with context path '/'
2025-04-03T23:40:53.315+02:00  INFO 32544 --- [Expediciones] [           main] e.u.i.sii.pr2025rest.EquipoTests         : Started EquipoTests in 0.418 seconds (process running for 10.79)
2025-04-03T23:40:53.341+02:00  INFO 32544 --- [Expediciones] [o-auto-3-exec-1] o.a.c.c.C.[Tomcat].[localhost].[/]       : Initializing Spring DispatcherServlet 'dispatcherServlet'
2025-04-03T23:40:53.341+02:00  INFO 32544 --- [Expediciones] [o-auto-3-exec-1] o.s.web.servlet.DispatcherServlet        : Initializing Servlet 'dispatcherServlet'
2025-04-03T23:40:53.342+02:00  INFO 32544 --- [Expediciones] [o-auto-3-exec-1] o.s.web.servlet.DispatcherServlet        : Completed initialization in 1 ms
2025-04-03T23:40:53.350+02:00  INFO 32544 --- [Expediciones] [           main] o.s.b.w.e.tomcat.GracefulShutdown        : Commencing graceful shutdown. Waiting for active requests to complete
2025-04-03T23:40:55.359+02:00  INFO 32544 --- [Expediciones] [tomcat-shutdown] o.s.b.w.e.tomcat.GracefulShutdown        : Graceful shutdown complete
2025-04-03T23:40:55.359+02:00 ERROR 32544 --- [Expediciones] [auto-3-Acceptor] org.apache.tomcat.util.net.Acceptor      : Socket accept failed

java.nio.channels.AsynchronousCloseException: null
	at java.base/java.nio.channels.spi.AbstractInterruptibleChannel.end(AbstractInterruptibleChannel.java:218) ~[na:na]
	at java.base/sun.nio.ch.ServerSocketChannelImpl.end(ServerSocketChannelImpl.java:383) ~[na:na]
	at java.base/sun.nio.ch.ServerSocketChannelImpl.accept(ServerSocketChannelImpl.java:408) ~[na:na]
	at org.apache.tomcat.util.net.NioEndpoint.serverSocketAccept(NioEndpoint.java:518) ~[tomcat-embed-core-10.1.39.jar:10.1.39]
	at org.apache.tomcat.util.net.NioEndpoint.serverSocketAccept(NioEndpoint.java:71) ~[tomcat-embed-core-10.1.39.jar:10.1.39]
	at org.apache.tomcat.util.net.Acceptor.run(Acceptor.java:128) ~[tomcat-embed-core-10.1.39.jar:10.1.39]
	at java.base/java.lang.Thread.run(Thread.java:1575) ~[na:na]

2025-04-03T23:40:55.361+02:00  INFO 32544 --- [Expediciones] [           main] j.LocalContainerEntityManagerFactoryBean : Closing JPA EntityManagerFactory for persistence unit 'default'
2025-04-03T23:40:55.363+02:00  INFO 32544 --- [Expediciones] [           main] com.zaxxer.hikari.HikariDataSource       : HikariPool-3 - Shutdown initiated...
2025-04-03T23:40:55.364+02:00  INFO 32544 --- [Expediciones] [           main] com.zaxxer.hikari.HikariDataSource       : HikariPool-3 - Shutdown completed.
]]></system-out>
  </testcase>
  <testcase name="obtenerTodos" classname="es.uma.informatica.sii.pr2025rest.EquipoTests$ConEquipos" time="2.056">
    <system-out><![CDATA[
  .   ____          _            __ _ _
 /\\ / ___'_ __ _ _(_)_ __  __ _ \ \ \ \
( ( )\___ | '_ | '_| | '_ \/ _` | \ \ \ \
 \\/  ___)| |_)| | | | | || (_| |  ) ) ) )
  '  |____| .__|_| |_|_| |_\__, | / / / /
 =========|_|==============|___/=/_/_/_/

 :: Spring Boot ::                (v3.4.4)

2025-04-03T23:40:55.387+02:00  INFO 32544 --- [Expediciones] [           main] e.u.i.sii.pr2025rest.EquipoTests         : Starting EquipoTests using Java 23.0.2 with PID 32544 (started by javier in /Users/javier/Documents/InternetInfoSystems/practicas/REST/alumnos)
2025-04-03T23:40:55.387+02:00  INFO 32544 --- [Expediciones] [           main] e.u.i.sii.pr2025rest.EquipoTests         : No active profile set, falling back to 1 default profile: "default"
2025-04-03T23:40:55.504+02:00  INFO 32544 --- [Expediciones] [           main] .s.d.r.c.RepositoryConfigurationDelegate : Bootstrapping Spring Data JPA repositories in DEFAULT mode.
2025-04-03T23:40:55.512+02:00  INFO 32544 --- [Expediciones] [           main] .s.d.r.c.RepositoryConfigurationDelegate : Finished Spring Data repository scanning in 6 ms. Found 2 JPA repository interfaces.
2025-04-03T23:40:55.566+02:00  INFO 32544 --- [Expediciones] [           main] o.s.b.w.embedded.tomcat.TomcatWebServer  : Tomcat initialized with port 0 (http)
2025-04-03T23:40:55.567+02:00  INFO 32544 --- [Expediciones] [           main] o.apache.catalina.core.StandardService   : Starting service [Tomcat]
2025-04-03T23:40:55.567+02:00  INFO 32544 --- [Expediciones] [           main] o.apache.catalina.core.StandardEngine    : Starting Servlet engine: [Apache Tomcat/10.1.39]
2025-04-03T23:40:55.578+02:00  INFO 32544 --- [Expediciones] [           main] o.a.c.c.C.[Tomcat].[localhost].[/]       : Initializing Spring embedded WebApplicationContext
2025-04-03T23:40:55.578+02:00  INFO 32544 --- [Expediciones] [           main] w.s.c.ServletWebServerApplicationContext : Root WebApplicationContext: initialization completed in 190 ms
2025-04-03T23:40:55.604+02:00  INFO 32544 --- [Expediciones] [           main] com.zaxxer.hikari.HikariDataSource       : HikariPool-4 - Starting...
2025-04-03T23:40:55.606+02:00  INFO 32544 --- [Expediciones] [           main] com.zaxxer.hikari.pool.HikariPool        : HikariPool-4 - Added connection conn30: url=jdbc:h2:mem:ddc673ae-848e-43ea-b419-ef947e51b1c9 user=SA
2025-04-03T23:40:55.606+02:00  INFO 32544 --- [Expediciones] [           main] com.zaxxer.hikari.HikariDataSource       : HikariPool-4 - Start completed.
2025-04-03T23:40:55.607+02:00  INFO 32544 --- [Expediciones] [           main] o.hibernate.jpa.internal.util.LogHelper  : HHH000204: Processing PersistenceUnitInfo [name: default]
2025-04-03T23:40:55.609+02:00  INFO 32544 --- [Expediciones] [           main] o.h.c.internal.RegionFactoryInitiator    : HHH000026: Second-level cache disabled
2025-04-03T23:40:55.615+02:00  INFO 32544 --- [Expediciones] [           main] o.s.o.j.p.SpringPersistenceUnitInfo      : No LoadTimeWeaver setup: ignoring JPA class transformer
2025-04-03T23:40:55.616+02:00  INFO 32544 --- [Expediciones] [           main] org.hibernate.orm.connections.pooling    : HHH10001005: Database info:
	Database JDBC URL [Connecting through datasource 'HikariDataSource (HikariPool-4)']
	Database driver: undefined/unknown
	Database version: 2.3.232
	Autocommit mode: undefined/unknown
	Isolation level: undefined/unknown
	Minimum pool size: undefined/unknown
	Maximum pool size: undefined/unknown
2025-04-03T23:40:55.663+02:00  INFO 32544 --- [Expediciones] [           main] o.h.e.t.j.p.i.JtaPlatformInitiator       : HHH000489: No JTA platform available (set 'hibernate.transaction.jta.platform' to enable JTA platform integration)
2025-04-03T23:40:55.668+02:00  INFO 32544 --- [Expediciones] [           main] j.LocalContainerEntityManagerFactoryBean : Initialized JPA EntityManagerFactory for persistence unit 'default'
2025-04-03T23:40:55.697+02:00  WARN 32544 --- [Expediciones] [           main] JpaBaseConfiguration$JpaWebConfiguration : spring.jpa.open-in-view is enabled by default. Therefore, database queries may be performed during view rendering. Explicitly configure spring.jpa.open-in-view to disable this warning
2025-04-03T23:40:55.758+02:00  INFO 32544 --- [Expediciones] [           main] o.s.b.w.embedded.tomcat.TomcatWebServer  : Tomcat started on port 55065 (http) with context path '/'
2025-04-03T23:40:55.760+02:00  INFO 32544 --- [Expediciones] [           main] e.u.i.sii.pr2025rest.EquipoTests         : Started EquipoTests in 0.391 seconds (process running for 13.235)
2025-04-03T23:40:55.777+02:00  INFO 32544 --- [Expediciones] [o-auto-4-exec-1] o.a.c.c.C.[Tomcat].[localhost].[/]       : Initializing Spring DispatcherServlet 'dispatcherServlet'
2025-04-03T23:40:55.777+02:00  INFO 32544 --- [Expediciones] [o-auto-4-exec-1] o.s.web.servlet.DispatcherServlet        : Initializing Servlet 'dispatcherServlet'
2025-04-03T23:40:55.778+02:00  INFO 32544 --- [Expediciones] [o-auto-4-exec-1] o.s.web.servlet.DispatcherServlet        : Completed initialization in 1 ms
2025-04-03T23:40:55.800+02:00  INFO 32544 --- [Expediciones] [           main] o.s.b.w.e.tomcat.GracefulShutdown        : Commencing graceful shutdown. Waiting for active requests to complete
2025-04-03T23:40:57.809+02:00  INFO 32544 --- [Expediciones] [tomcat-shutdown] o.s.b.w.e.tomcat.GracefulShutdown        : Graceful shutdown complete
2025-04-03T23:40:57.809+02:00 ERROR 32544 --- [Expediciones] [auto-4-Acceptor] org.apache.tomcat.util.net.Acceptor      : Socket accept failed

java.nio.channels.AsynchronousCloseException: null
	at java.base/java.nio.channels.spi.AbstractInterruptibleChannel.end(AbstractInterruptibleChannel.java:218) ~[na:na]
	at java.base/sun.nio.ch.ServerSocketChannelImpl.end(ServerSocketChannelImpl.java:383) ~[na:na]
	at java.base/sun.nio.ch.ServerSocketChannelImpl.accept(ServerSocketChannelImpl.java:408) ~[na:na]
	at org.apache.tomcat.util.net.NioEndpoint.serverSocketAccept(NioEndpoint.java:518) ~[tomcat-embed-core-10.1.39.jar:10.1.39]
	at org.apache.tomcat.util.net.NioEndpoint.serverSocketAccept(NioEndpoint.java:71) ~[tomcat-embed-core-10.1.39.jar:10.1.39]
	at org.apache.tomcat.util.net.Acceptor.run(Acceptor.java:128) ~[tomcat-embed-core-10.1.39.jar:10.1.39]
	at java.base/java.lang.Thread.run(Thread.java:1575) ~[na:na]

2025-04-03T23:40:57.812+02:00  INFO 32544 --- [Expediciones] [           main] j.LocalContainerEntityManagerFactoryBean : Closing JPA EntityManagerFactory for persistence unit 'default'
2025-04-03T23:40:57.814+02:00  INFO 32544 --- [Expediciones] [           main] com.zaxxer.hikari.HikariDataSource       : HikariPool-4 - Shutdown initiated...
2025-04-03T23:40:57.815+02:00  INFO 32544 --- [Expediciones] [           main] com.zaxxer.hikari.HikariDataSource       : HikariPool-4 - Shutdown completed.
]]></system-out>
  </testcase>
</testsuite>