-------------------------------------------------------------------------------
Test set: es.uma.informatica.sii.practica2.Practica2ApplicationTests$ListaConDatos$EliminarContactos
-------------------------------------------------------------------------------
Tests run: 3, Failures: 0, Errors: 0, Skipped: 0, Time elapsed: 1.742 s - in es.uma.informatica.sii.practica2.Practica2ApplicationTests$ListaConDatos$EliminarContactos
es.uma.informatica.sii.practica2.Practica2ApplicationTests$ListaConDatos.devuelveLista  Time elapsed: 0.782 s
es.uma.informatica.sii.practica2.Practica2ApplicationTests$ListaConDatos$EliminarContactos.eliminaCorrectamente  Time elapsed: 0.469 s
es.uma.informatica.sii.practica2.Practica2ApplicationTests$ListaConDatos$EliminarContactos.errorCuandoNoExiste  Time elapsed: 0.046 s
