-------------------------------------------------------------------------------
Test set: es.uma.informatica.sii.practica2.Practica2ApplicationTests$ListaConDatos$ObtenerContactos
-------------------------------------------------------------------------------
Tests run: 2, Failures: 0, Errors: 0, Skipped: 0, Time elapsed: 1.031 s - in es.uma.informatica.sii.practica2.Practica2ApplicationTests$ListaConDatos$ObtenerContactos
es.uma.informatica.sii.practica2.Practica2ApplicationTests$ListaConDatos$ObtenerContactos.devuelveContacto  Time elapsed: 0.044 s
es.uma.informatica.sii.practica2.Practica2ApplicationTests$ListaConDatos$ObtenerContactos.errorCuandoContactoNoExiste  Time elapsed: 0.037 s
