-------------------------------------------------------------------------------
Test set: es.uma.informatica.sii.practica2.Practica2ApplicationTests$ListaConDatos$InsertaContactos
-------------------------------------------------------------------------------
Tests run: 3, Failures: 0, Errors: 0, Skipped: 0, Time elapsed: 1.507 s - in es.uma.informatica.sii.practica2.Practica2ApplicationTests$ListaConDatos$InsertaContactos
es.uma.informatica.sii.practica2.Practica2ApplicationTests$ListaConDatos$InsertaContactos.conIDExistente  Time elapsed: 0.043 s
es.uma.informatica.sii.practica2.Practica2ApplicationTests$ListaConDatos$InsertaContactos.conIDNoExistente  Time elapsed: 0.037 s
es.uma.informatica.sii.practica2.Practica2ApplicationTests$ListaConDatos$InsertaContactos.sinID  Time elapsed: 0.034 s
